生成启动时间为 2018/1/7 12:26:18。
     1>项目“D:\VS_Programer\libjpeg\libjpeg\libjpeg.vcxproj”在节点 2 上(Rebuild 个目标)。
     1>ClCompile:
         C:\Program Files (x86)\Microsoft Visual Studio 11.0\VC\bin\CL.exe /c /ID:\VS_Programer\libjpeg\libjpeg\include /ZI /nologo /W3 /WX- /sdl /Od /Oy- /D WIN32 /D _DEBUG /D _LIB /D _UNICODE /D UNICODE /D _CRT_SECURE_NO_DEPRECATE /D _SCL_SECURE_NO_DEPRECATE /Gm /EHsc /RTC1 /MDd /GS /fp:precise /Zc:wchar_t /Zc:forScope /Fo"Debug\\" /Fd"Debug\vc110.pdb" /Gd /TC /analyze- /errorReport:prompt source\jaricom.c source\jcapimin.c source\jcapistd.c source\jcarith.c source\jccoefct.c source\jccolor.c source\jcdctmgr.c source\jchuff.c source\jcinit.c source\jcmainct.c source\jcmarker.c source\jcmaster.c source\jcomapi.c source\jcparam.c source\jcprepct.c source\jcsample.c source\jctrans.c source\jdapimin.c source\jdapistd.c source\jdarith.c source\jdatadst.c source\jdatasrc.c source\jdcoefct.c source\jdcolor.c source\jddctmgr.c source\jdhuff.c source\jdinput.c source\jdmainct.c source\jdmarker.c source\jdmaster.c source\jdmerge.c source\jdpostct.c source\jdsample.c source\jdtrans.c source\jerror.c source\jfdctflt.c source\jfdctfst.c source\jfdctint.c source\jidctflt.c source\jidctfst.c source\jidctint.c source\jmemmgr.c source\jmemnobs.c source\jquant1.c source\jquant2.c source\jutils.c
         jutils.c
         jquant2.c
         jquant1.c
         jmemnobs.c
         jmemmgr.c
         jidctint.c
         jidctfst.c
         jidctflt.c
         jfdctint.c
         jfdctfst.c
         jfdctflt.c
         jerror.c
         jdtrans.c
         jdsample.c
         jdpostct.c
         jdmerge.c
         jdmaster.c
         jdmarker.c
         jdmainct.c
         jdinput.c
         正在生成代码...
         正在编译...
         jdhuff.c
         jddctmgr.c
         jdcolor.c
         jdcoefct.c
         jdatasrc.c
         jdatadst.c
         jdarith.c
         jdapistd.c
         jdapimin.c
         jctrans.c
         jcsample.c
         jcprepct.c
         jcparam.c
         jcomapi.c
         jcmaster.c
         jcmarker.c
         jcmainct.c
         jcinit.c
         jchuff.c
         jcdctmgr.c
         正在生成代码...
         正在编译...
         jccolor.c
         jccoefct.c
         jcarith.c
         jcapistd.c
         jcapimin.c
         jaricom.c
         正在生成代码...
       Lib:
         C:\Program Files (x86)\Microsoft Visual Studio 11.0\VC\bin\Lib.exe /OUT:"D:\VS_Programer\libjpeg\Debug\libjpeg.lib" /NOLOGO Debug\jaricom.obj
         Debug\jcapimin.obj
         Debug\jcapistd.obj
         Debug\jcarith.obj
         Debug\jccoefct.obj
         Debug\jccolor.obj
         Debug\jcdctmgr.obj
         Debug\jchuff.obj
         Debug\jcinit.obj
         Debug\jcmainct.obj
         Debug\jcmarker.obj
         Debug\jcmaster.obj
         Debug\jcomapi.obj
         Debug\jcparam.obj
         Debug\jcprepct.obj
         Debug\jcsample.obj
         Debug\jctrans.obj
         Debug\jdapimin.obj
         Debug\jdapistd.obj
         Debug\jdarith.obj
         Debug\jdatadst.obj
         Debug\jdatasrc.obj
         Debug\jdcoefct.obj
         Debug\jdcolor.obj
         Debug\jddctmgr.obj
         Debug\jdhuff.obj
         Debug\jdinput.obj
         Debug\jdmainct.obj
         Debug\jdmarker.obj
         Debug\jdmaster.obj
         Debug\jdmerge.obj
         Debug\jdpostct.obj
         Debug\jdsample.obj
         Debug\jdtrans.obj
         Debug\jerror.obj
         Debug\jfdctflt.obj
         Debug\jfdctfst.obj
         Debug\jfdctint.obj
         Debug\jidctflt.obj
         Debug\jidctfst.obj
         Debug\jidctint.obj
         Debug\jmemmgr.obj
         Debug\jmemnobs.obj
         Debug\jquant1.obj
         Debug\jquant2.obj
         Debug\jutils.obj
         libjpeg.vcxproj -> D:\VS_Programer\libjpeg\Debug\libjpeg.lib
     1>已完成生成项目“D:\VS_Programer\libjpeg\libjpeg\libjpeg.vcxproj”(Rebuild 个目标)的操作。

生成成功。

已用时间 00:00:02.87
