D:\VS_PROGRAMER\LIBJPEG\LIBJPEG\DEBUG\JDINPUT.OBJ
D:\VS_PROGRAMER\LIBJPEG\LIBJPEG\DEBUG\JDMAINCT.OBJ
D:\VS_PROGRAMER\LIBJPEG\LIBJPEG\DEBUG\JDMARKER.OBJ
D:\VS_PROGRAMER\LIBJPEG\LIBJPEG\DEBUG\JDMASTER.OBJ
D:\VS_PROGRAMER\LIBJPEG\LIBJPEG\DEBUG\JDMERGE.OBJ
D:\VS_PROGRAMER\LIBJPEG\LIBJPEG\DEBUG\JDPOSTCT.OBJ
D:\VS_PROGRAMER\LIBJPEG\LIBJPEG\DEBUG\JDSAMPLE.OBJ
D:\VS_PROGRAMER\LIBJPEG\LIBJPEG\DEBUG\JDTRANS.OBJ
D:\VS_PROGRAMER\LIBJPEG\LIBJPEG\DEBUG\JERROR.OBJ
D:\VS_PROGRAMER\LIBJPEG\LIBJPEG\DEBUG\JFDCTFLT.OBJ
D:\VS_PROGRAMER\LIBJPEG\LIBJPEG\DEBUG\JFDCTFST.OBJ
D:\VS_PROGRAMER\LIBJPEG\LIBJPEG\DEBUG\JFDCTINT.OBJ
D:\VS_PROGRAMER\LIBJPEG\LIBJPEG\DEBUG\JIDCTFLT.OBJ
D:\VS_PROGRAMER\LIBJPEG\LIBJPEG\DEBUG\JIDCTFST.OBJ
D:\VS_PROGRAMER\LIBJPEG\LIBJPEG\DEBUG\JIDCTINT.OBJ
D:\VS_PROGRAMER\LIBJPEG\LIBJPEG\DEBUG\JMEMMGR.OBJ
D:\VS_PROGRAMER\LIBJPEG\LIBJPEG\DEBUG\JMEMNOBS.OBJ
D:\VS_PROGRAMER\LIBJPEG\LIBJPEG\DEBUG\JQUANT1.OBJ
D:\VS_PROGRAMER\LIBJPEG\LIBJPEG\DEBUG\JQUANT2.OBJ
D:\VS_PROGRAMER\LIBJPEG\LIBJPEG\DEBUG\JUTILS.OBJ
D:\VS_PROGRAMER\LIBJPEG\LIBJPEG\DEBUG\JCDCTMGR.OBJ
D:\VS_PROGRAMER\LIBJPEG\LIBJPEG\DEBUG\JCHUFF.OBJ
D:\VS_PROGRAMER\LIBJPEG\LIBJPEG\DEBUG\JCINIT.OBJ
D:\VS_PROGRAMER\LIBJPEG\LIBJPEG\DEBUG\JCMAINCT.OBJ
D:\VS_PROGRAMER\LIBJPEG\LIBJPEG\DEBUG\JCMARKER.OBJ
D:\VS_PROGRAMER\LIBJPEG\LIBJPEG\DEBUG\JCMASTER.OBJ
D:\VS_PROGRAMER\LIBJPEG\LIBJPEG\DEBUG\JCOMAPI.OBJ
D:\VS_PROGRAMER\LIBJPEG\LIBJPEG\DEBUG\JCPARAM.OBJ
D:\VS_PROGRAMER\LIBJPEG\LIBJPEG\DEBUG\JCPREPCT.OBJ
D:\VS_PROGRAMER\LIBJPEG\LIBJPEG\DEBUG\JCSAMPLE.OBJ
D:\VS_PROGRAMER\LIBJPEG\LIBJPEG\DEBUG\JCTRANS.OBJ
D:\VS_PROGRAMER\LIBJPEG\LIBJPEG\DEBUG\JDAPIMIN.OBJ
D:\VS_PROGRAMER\LIBJPEG\LIBJPEG\DEBUG\JDAPISTD.OBJ
D:\VS_PROGRAMER\LIBJPEG\LIBJPEG\DEBUG\JDARITH.OBJ
D:\VS_PROGRAMER\LIBJPEG\LIBJPEG\DEBUG\JDATADST.OBJ
D:\VS_PROGRAMER\LIBJPEG\LIBJPEG\DEBUG\JDATASRC.OBJ
D:\VS_PROGRAMER\LIBJPEG\LIBJPEG\DEBUG\JDCOEFCT.OBJ
D:\VS_PROGRAMER\LIBJPEG\LIBJPEG\DEBUG\JDCOLOR.OBJ
D:\VS_PROGRAMER\LIBJPEG\LIBJPEG\DEBUG\JDDCTMGR.OBJ
D:\VS_PROGRAMER\LIBJPEG\LIBJPEG\DEBUG\JDHUFF.OBJ
D:\VS_PROGRAMER\LIBJPEG\LIBJPEG\DEBUG\JARICOM.OBJ
D:\VS_PROGRAMER\LIBJPEG\LIBJPEG\DEBUG\JCAPIMIN.OBJ
D:\VS_PROGRAMER\LIBJPEG\LIBJPEG\DEBUG\JCAPISTD.OBJ
D:\VS_PROGRAMER\LIBJPEG\LIBJPEG\DEBUG\JCARITH.OBJ
D:\VS_PROGRAMER\LIBJPEG\LIBJPEG\DEBUG\JCCOEFCT.OBJ
D:\VS_PROGRAMER\LIBJPEG\LIBJPEG\DEBUG\JCCOLOR.OBJ
D:\VS_PROGRAMER\LIBJPEG\LIBJPEG\DEBUG\VC110.PDB
D:\VS_PROGRAMER\LIBJPEG\DEBUG\LIBJPEG.LIB
D:\VS_Programer\libjpeg\libjpeg\Debug\jaricom.obj
D:\VS_Programer\libjpeg\libjpeg\Debug\jcapimin.obj
D:\VS_Programer\libjpeg\libjpeg\Debug\jcapistd.obj
D:\VS_Programer\libjpeg\libjpeg\Debug\jcarith.obj
D:\VS_Programer\libjpeg\libjpeg\Debug\jccoefct.obj
D:\VS_Programer\libjpeg\libjpeg\Debug\jccolor.obj
D:\VS_Programer\libjpeg\libjpeg\Debug\jcdctmgr.obj
D:\VS_Programer\libjpeg\libjpeg\Debug\jchuff.obj
D:\VS_Programer\libjpeg\libjpeg\Debug\jcinit.obj
D:\VS_Programer\libjpeg\libjpeg\Debug\jcmainct.obj
D:\VS_Programer\libjpeg\libjpeg\Debug\jcmarker.obj
D:\VS_Programer\libjpeg\libjpeg\Debug\jcmaster.obj
D:\VS_Programer\libjpeg\libjpeg\Debug\jcomapi.obj
D:\VS_Programer\libjpeg\libjpeg\Debug\jcparam.obj
D:\VS_Programer\libjpeg\libjpeg\Debug\jcprepct.obj
D:\VS_Programer\libjpeg\libjpeg\Debug\jcsample.obj
D:\VS_Programer\libjpeg\libjpeg\Debug\jctrans.obj
D:\VS_Programer\libjpeg\libjpeg\Debug\jdapimin.obj
D:\VS_Programer\libjpeg\libjpeg\Debug\jdapistd.obj
D:\VS_Programer\libjpeg\libjpeg\Debug\jdarith.obj
D:\VS_Programer\libjpeg\libjpeg\Debug\jdatadst.obj
D:\VS_Programer\libjpeg\libjpeg\Debug\jdatasrc.obj
D:\VS_Programer\libjpeg\libjpeg\Debug\jdcoefct.obj
D:\VS_Programer\libjpeg\libjpeg\Debug\jdcolor.obj
D:\VS_Programer\libjpeg\libjpeg\Debug\jddctmgr.obj
D:\VS_Programer\libjpeg\libjpeg\Debug\jdhuff.obj
D:\VS_Programer\libjpeg\libjpeg\Debug\jdinput.obj
D:\VS_Programer\libjpeg\libjpeg\Debug\jdmainct.obj
D:\VS_Programer\libjpeg\libjpeg\Debug\jdmarker.obj
D:\VS_Programer\libjpeg\libjpeg\Debug\jdmaster.obj
D:\VS_Programer\libjpeg\libjpeg\Debug\jdmerge.obj
D:\VS_Programer\libjpeg\libjpeg\Debug\jdpostct.obj
D:\VS_Programer\libjpeg\libjpeg\Debug\jdsample.obj
D:\VS_Programer\libjpeg\libjpeg\Debug\jdtrans.obj
D:\VS_Programer\libjpeg\libjpeg\Debug\jerror.obj
D:\VS_Programer\libjpeg\libjpeg\Debug\jfdctflt.obj
D:\VS_Programer\libjpeg\libjpeg\Debug\jfdctfst.obj
D:\VS_Programer\libjpeg\libjpeg\Debug\jfdctint.obj
D:\VS_Programer\libjpeg\libjpeg\Debug\jidctflt.obj
D:\VS_Programer\libjpeg\libjpeg\Debug\jidctfst.obj
D:\VS_Programer\libjpeg\libjpeg\Debug\jidctint.obj
D:\VS_Programer\libjpeg\libjpeg\Debug\jmemmgr.obj
D:\VS_Programer\libjpeg\libjpeg\Debug\jmemnobs.obj
D:\VS_Programer\libjpeg\libjpeg\Debug\jquant1.obj
D:\VS_Programer\libjpeg\libjpeg\Debug\jquant2.obj
D:\VS_Programer\libjpeg\libjpeg\Debug\jutils.obj
D:\VS_Programer\libjpeg\libjpeg\Debug\cl.command.1.tlog
D:\VS_Programer\libjpeg\libjpeg\Debug\CL.read.1.tlog
D:\VS_Programer\libjpeg\libjpeg\Debug\CL.write.1.tlog
D:\VS_Programer\libjpeg\libjpeg\Debug\Lib-link.read.1.tlog
D:\VS_Programer\libjpeg\libjpeg\Debug\Lib-link.write.1.tlog
D:\VS_Programer\libjpeg\libjpeg\Debug\lib.command.1.tlog
D:\VS_Programer\libjpeg\libjpeg\Debug\vc110.idb
D:\VS_Programer\libjpeg\libjpeg\Debug\vc110.pdb
D:\VS_Programer\libjpeg\Debug\libjpeg.lib
